            TRNSYS - the TRaNsient SYstem Simulation program                                                                                                                                                                                                                                                                                                                                                                                                                                                                                                                                                                                                                                                                                                                                                                                                                                                                                                                                                                            
                                                                                                                                                                                                                                                                                                                                                                                                                                                                                                                                                                                                                                                                                                                                                                                                                                                                                                                                                                                                                                        
   The Solar Energy Lab at the University of Wisconsin - Madison, USA                                                                                                                                                                                                                                                                                                                                                                                                                                                                                                                                                                                                                                                                                                                                                                                                                                                                                                                                                                   
Le Centre Scientifique et Technique du Batiment, Sophia Antipolis, France                                                                                                                                                                                                                                                                                                                                                                                                                                                                                                                                                                                                                                                                                                                                                                                                                                                                                                                                                               
           Transsolar Energietechnik GmBH, Stuttgart, Germany                                                                                                                                                                                                                                                                                                                                                                                                                                                                                                                                                                                                                                                                                                                                                                                                                                                                                                                                                                           
        Thermal Energy System Specialists, Madison Wisconsin, USA                                                                                                                                                                                                                                                                                                                                                                                                                                                                                                                                                                                                                                                                                                                                                                                                                                                                                                                                                                       
                                                                                                                                                                                                                                                                                                                                                                                                                                                                                                                                                                                                                                                                                                                                                                                                                                                                                                                                                                                                                                        
                           Release 16.xx.xxxx                                                                                                                                                                                                                                                                                                                                                                                                                                                                                                                                                                                                                                                                                                                                                                                                                                                                                                                                                                                           
                                                                                                                                                                                                                                                                                                                                                                                                                                                                                                                                                                                                                                                                                                                                                                                                                                                                                                                                                                                                                                        
Simulation log for: "C:\Users\Christian\Documents\TRNSYS2020\TRNSYS-Kurs15-DATA-HA\SDHW.trd"                                                                                                                                                                                                                                                                                                                                                                                                                                                                                                                                                                                                                                                                                                                                                                                                                                                                                                                                            
 
*** Notice at time        :         0.000000
    Generated by Unit     : Not applicable or not available
    Generated by Type     : Not applicable or not available
    Message               : The TRNSYS Executable (TRNExe.exe) and main DLL (TRNDll.dll) are located in "C:\Users\Christian\Desktop\TrnSys\Exe"
 
*** Notice at time        :         0.000000
    Generated by Unit     : Not applicable or not available
    Generated by Type     : Not applicable or not available
    Message               : The following Types were loaded from TRNDll.dll: Type109, Type1, Type3, Type2, Type4, Type11, Type24, Type9, Type91, Type65, Type31, Type25
 
*** Notice at time        :         0.000000
    Generated by Unit     : Not applicable or not available
    Generated by Type     : Not applicable or not available
    Message               : "Type 803.dll" was found but did not contain any components from the input file.
 
*** Notice at time        :         0.000000
    Generated by Unit     : Not applicable or not available
    Generated by Type     : Not applicable or not available
    Message               : "Type 816.dll" was found but did not contain any components from the input file.
 
*** Notice at time        :         0.000000
    Generated by Unit     : Not applicable or not available
    Generated by Type     : Not applicable or not available
    Message               : "Type127.dll" was found but did not contain any components from the input file.
 
*** Notice at time        :         0.000000
    Generated by Unit     : Not applicable or not available
    Generated by Type     : Not applicable or not available
    Message               : "Type157.dll" was found but did not contain any components from the input file.
 
*** Notice at time        :         0.000000
    Generated by Unit     : Not applicable or not available
    Generated by Type     : Not applicable or not available
    Message               : "Type210.dll" was found but did not contain any components from the input file.
 
*** Notice at time        :         0.000000
    Generated by Unit     : Not applicable or not available
    Generated by Type     : Not applicable or not available
    Message               : "Type235.dll" was found but did not contain any components from the input file.
 
*** Notice at time        :         0.000000
    Generated by Unit     : Not applicable or not available
    Generated by Type     : Not applicable or not available
    Message               : "Type240.dll" was found but did not contain any components from the input file.
 
*** Notice at time        :         0.000000
    Generated by Unit     : Not applicable or not available
    Generated by Type     : Not applicable or not available
    Message               : "type320.dll" was found but did not contain any components from the input file.
 
*** Notice at time        :         0.000000
    Generated by Unit     : Not applicable or not available
    Generated by Type     : Not applicable or not available
    Message               : "Type340.dll" was found but did not contain any components from the input file.
 
*** Notice at time        :         0.000000
    Generated by Unit     : Not applicable or not available
    Generated by Type     : Not applicable or not available
    Message               : "Type358.dll" was found but did not contain any components from the input file.
 
*** Notice at time        :         0.000000
    Generated by Unit     : Not applicable or not available
    Generated by Type     : Not applicable or not available
    Message               : "Type362.dll" was found but did not contain any components from the input file.
 
*** Notice at time        :         0.000000
    Generated by Unit     : Not applicable or not available
    Generated by Type     : Not applicable or not available
    Message               : "Type62.dll" was found but did not contain any components from the input file.
 
*** Notice at time        :         0.000000
    Generated by Unit     : Not applicable or not available
    Generated by Type     : Not applicable or not available
    Message               : "Type805.dll" was found but did not contain any components from the input file.
 
*** Notice at time        :         0.000000
    Generated by Unit     : Not applicable or not available
    Generated by Type     : Not applicable or not available
    Message               : "Type890.dll" was found but did not contain any components from the input file.
 
*** Notice at time        :         0.000000
    Generated by Unit     : Not applicable or not available
    Generated by Type     : Not applicable or not available
    Message               : "Type951.dll" was found but did not contain any components from the input file.
 
*** Notice at time        :         0.000000
    Generated by Unit     : Not applicable or not available
    Generated by Type     : Not applicable or not available
    TRNSYS Message    199 : TRNSYS found at least one user DLL in the UserLib directory. (Note: Only DLL's including Types that are used in the simulation are loaded)
    Reported information  : 0 user DLLs were loaded after searching in "C:\Users\Christian\Desktop\TrnSys\UserLib"
 
*** Notice at time        :      2207.750000
    Generated by Unit     :    15
    Generated by Type     :     9
    Message               : The specified component model has exhausted the data supply and has rewound the data file to begin reading from the top of the data file.
 
*** Notice at time        :      4415.500000
    Generated by Unit     :    15
    Generated by Type     :     9
    Message               : The specified component model has exhausted the data supply and has rewound the data file to begin reading from the top of the data file.
 
*** Notice at time        :      6623.250000
    Generated by Unit     :    15
    Generated by Type     :     9
    Message               : The specified component model has exhausted the data supply and has rewound the data file to begin reading from the top of the data file.
 
*** Warning at time       :      8760.000000
    Generated by Unit     :    21
    Generated by Type     :    31
    Message               : The pipe model has reported that the flow rate through the pipe during at least one of the timesteps was greater than the capacity of the pipe.  Users should be aware that at least one component in a closed piping loop should contain enough capacitance to hold at least one timesteps worth of fluid or a run-away solution may be encountered.
 
*** Warning at time       :      8760.000000
    Generated by Unit     :    20
    Generated by Type     :    31
    Message               : The pipe model has reported that the flow rate through the pipe during at least one of the timesteps was greater than the capacity of the pipe.  Users should be aware that at least one component in a closed piping loop should contain enough capacitance to hold at least one timesteps worth of fluid or a run-away solution may be encountered.
 
*** End of the simulation
    Total Notices         :        21
    Total Warnings        :         2
    Total Fatal Errors    :         0
 
    Total TRNSYS Calculation Time     :          4296.6300 seconds
    Calculation time inside the Types :             7.2600 seconds
 
    TRNSYS Calculation Time Breakdown by Unit Number
    Unit    15 :           0.180000 seconds
    Unit     2 :           2.200000 seconds
    Unit     3 :           0.070000 seconds
    Unit    11 :           0.080000 seconds
    Unit    17 :           0.050000 seconds
    Unit    21 :           1.780000 seconds
    Unit     6 :           0.080000 seconds
    Unit     7 :           0.730000 seconds
    Unit    12 :           0.060000 seconds
    Unit    22 :           0.030000 seconds
    Unit    16 :           0.080000 seconds
    Unit    18 :           0.060000 seconds
    Unit     4 :           0.080000 seconds
    Unit    13 :           0.060000 seconds
    Unit    20 :           1.550000 seconds
    Unit    28 :           0.010000 seconds
    Unit    24 :           0.030000 seconds
    Unit    29 :           0.010000 seconds
    Unit    27 :           0.060000 seconds
    Unit    19 :           0.060000 seconds
 
    TRNSYS Calculation Time Breakdown by Type Number
    Type     1 :           0.070000 seconds
    Type     2 :           0.080000 seconds
    Type     3 :           0.140000 seconds
    Type     4 :           0.730000 seconds
    Type     9 :           0.180000 seconds
    Type    11 :           0.140000 seconds
    Type    24 :           0.100000 seconds
    Type    25 :           0.060000 seconds
    Type    31 :           3.330000 seconds
    Type    65 :           0.150000 seconds
    Type    91 :           0.080000 seconds
    Type   109 :           2.200000 seconds
 
    TRNSYS Iterative Call Breakdown by Unit Number
    Unit    15 :              70083 calls
    Unit     2 :              70083 calls
    Unit     3 :             155141 calls
    Unit    11 :             109789 calls
    Unit    17 :              35043 calls
    Unit    21 :             125123 calls
    Unit     6 :             163515 calls
    Unit     7 :             194826 calls
    Unit    12 :              79694 calls
    Unit    22 :              35043 calls
    Unit    16 :             148847 calls
    Unit    18 :             105833 calls
    Unit     4 :             153278 calls
    Unit    13 :              35043 calls
    Unit    20 :             120169 calls
    Unit    28 :              35043 calls
    Unit    24 :              35043 calls
    Unit    29 :              35043 calls
    Unit    27 :              35043 calls
    Unit    19 :              35043 calls
