      TIME      TAMB     T_AIR     T_OP     1_T_AIR    1_T_OP      2_T_AIR    2_T_OP      3_T_AIR    3_T_OP    
      [HR]       [C]      [C]       [C]       [C]      [C]        [C]      [C]        [C]      [C]    
      0.00      0.00     20.00     20.00     20.00     20.00     20.00     20.00     20.00     20.00
      1.00      6.61     19.47     19.47     19.25     19.25     19.35     19.35     20.03     20.03
      2.00      6.51     18.79     18.79     18.40     18.40     18.63     18.63     19.73     19.73
      3.00      6.30     18.23     18.23     17.79     17.79     18.11     18.11     19.24     19.24
      4.00      6.10     17.57     17.57     17.02     17.02     17.44     17.44     18.80     18.80
      5.00      5.90     17.00     17.00     16.39     16.39     16.89     16.89     18.33     18.33
      6.00      5.70     16.42     16.42     15.74     15.74     16.32     16.32     17.90     17.90
      7.00      5.50     15.94     15.94     15.23     15.23     15.81     15.81     17.47     17.47
      8.00      5.30     17.96     17.96     17.50     17.50     19.77     19.77     17.07     17.07
      9.00      5.28     19.82     19.82     20.00     20.00     22.59     22.59     16.69     16.69
     10.00      5.99     19.87     19.87     20.00     20.00     23.08     23.08     16.40     16.40
     11.00      6.83     20.22     20.22     20.00     20.00     24.64     24.64     16.22     16.22
     12.00      7.93     20.32     20.32     20.00     20.00     25.15     25.15     16.14     16.14
     13.00      9.16     20.71     20.71     20.35     20.35     26.00     26.00     16.14     16.14
     14.00      9.83     20.92     20.92     20.76     20.76     26.00     26.00     16.19     16.19
     15.00      9.65     20.76     20.76     20.40     20.40     26.00     26.00     16.23     16.23
     16.00      9.35     20.57     20.57     20.00     20.00     26.00     26.00     16.27     16.27
     17.00      8.80     20.57     20.57     20.00     20.00     26.00     26.00     16.28     16.28
     18.00      8.25     20.85     20.85     20.56     20.56     26.00     26.00     16.28     16.28
     19.00      7.95     21.03     21.03     20.92     20.92     26.00     26.00     16.27     16.27
     20.00      7.65     21.05     21.05     20.97     20.97     26.00     26.00     16.26     16.26
     21.00      7.35     21.13     21.13     21.15     21.15     26.00     26.00     16.24     16.24
     22.00      7.05     21.15     21.15     21.20     21.20     26.00     26.00     16.21     16.21
     23.00      6.75     19.76     19.76     19.41     19.41     24.04     24.04     16.18     16.18
     24.00      6.51     18.60     18.60     18.00     18.00     22.28     22.28     16.13     16.13
     25.00      6.16     18.17     18.17     17.58     17.58     21.48     21.48     16.05     16.05
     26.00      5.70     17.39     17.39     16.66     16.66     20.28     20.28     15.94     15.94
     27.00      5.30     16.87     16.87     16.12     16.12     19.46     19.46     15.79     15.79
     28.00      4.85     16.24     16.24     15.40     15.40     18.52     18.52     15.61     15.61
     29.00      4.40     15.84     15.84     15.10     15.10     17.74     17.74     15.40     15.40
     30.00      4.00     15.53     15.53     15.00     15.00     16.95     16.95     15.17     15.17
     31.00      3.56     15.29     15.29     15.00     15.00     16.23     16.23     14.91     14.91
     32.00      3.07     17.37     17.37     17.50     17.50     19.83     19.83     14.64     14.64
     33.00      2.99     19.19     19.19     20.00     20.00     22.39     22.39     14.38     14.38
     34.00      3.76     19.24     19.24     20.00     20.00     22.75     22.75     14.21     14.21
     35.00      4.10     19.54     19.54     20.00     20.00     24.07     24.07     14.08     14.08
     36.00      4.35     19.64     19.64     20.00     20.00     24.56     24.56     14.01     14.01
     37.00      4.90     19.94     19.94     20.00     20.00     25.75     25.75     14.01     14.01
     38.00      5.51     20.01     20.01     20.00     20.00     26.00     26.00     14.04     14.04
     39.00      5.99     20.03     20.03     20.00     20.00     26.00     26.00     14.12     14.12
     40.00      5.72     20.04     20.04     20.00     20.00     26.00     26.00     14.17     14.17
     41.00      5.15     20.05     20.05     20.00     20.00     26.00     26.00     14.20     14.20
     42.00      4.85     20.06     20.06     20.00     20.00     26.00     26.00     14.22     14.22
     43.00      4.75     20.06     20.06     20.00     20.00     26.00     26.00     14.25     14.25
     44.00      4.65     20.07     20.07     20.00     20.00     26.00     26.00     14.27     14.27
     45.00      4.50     20.07     20.07     20.00     20.00     26.00     26.00     14.29     14.29
     46.00      4.35     20.08     20.08     20.00     20.00     26.00     26.00     14.31     14.31
     47.00      4.25     18.56     18.56     18.17     18.17     23.59     23.59     14.32     14.32
     48.00      4.15     17.34     17.34     16.74     16.74     21.57     21.57     14.32     14.32
     49.00      4.04     16.92     16.92     16.29     16.29     20.78     20.78     14.30     14.30
     50.00      4.00     16.12     16.12     15.39     15.39     19.47     19.47     14.24     14.24
     51.00      4.00     15.79     15.79     15.17     15.17     18.65     18.65     14.17     14.17
     52.00      4.00     15.44     15.44     15.00     15.00     17.69     17.69     14.07     14.07
     53.00      4.00     15.22     15.22     15.00     15.00     16.93     16.93     13.96     13.96
     54.00      3.95     15.00     15.00     15.00     15.00     16.16     16.16     13.83     13.83
     55.00      3.90     14.80     14.80     15.00     15.00     15.50     15.50     13.69     13.69
     56.00      3.90     16.95     16.95     17.50     17.50     19.27     19.27     13.54     13.54
     57.00      3.96     18.84     18.84     20.00     20.00     21.97     21.97     13.41     13.41
     58.00      4.64     18.93     18.93     20.00     20.00     22.38     22.38     13.34     13.34
     59.00      5.52     19.31     19.31     20.00     20.00     23.86     23.86     13.36     13.36
     60.00      6.07     19.48     19.48     20.00     20.00     24.49     24.49     13.42     13.42
     61.00      6.55     19.82     19.82     20.00     20.00     25.74     25.74     13.52     13.52
     62.00      7.15     19.92     19.92     20.00     20.00     26.00     26.00     13.67     13.67
     63.00      7.01     19.95     19.95     20.00     20.00     26.00     26.00     13.80     13.80
     64.00      6.65     19.98     19.98     20.00     20.00     26.00     26.00     13.91     13.91
     65.00      6.23     20.00     20.00     20.00     20.00     26.00     26.00     14.01     14.01
     66.00      5.90     20.02     20.02     20.00     20.00     26.00     26.00     14.09     14.09
     67.00      5.70     20.05     20.05     20.01     20.01     26.00     26.00     14.17     14.17
     68.00      5.50     20.10     20.10     20.07     20.07     26.00     26.00     14.23     14.23
     69.00      5.30     20.14     20.14     20.14     20.14     26.00     26.00     14.29     14.29
     70.00      5.10     20.17     20.17     20.18     20.18     26.00     26.00     14.34     14.34
     71.00      4.90     18.69     18.69     18.36     18.36     23.67     23.67     14.38     14.38
     72.00      4.69     17.49     17.49     16.94     16.94     21.68     21.68     14.40     14.40
     73.00      4.25     17.06     17.06     16.49     16.49     20.88     20.88     14.37     14.37
     74.00      3.75     16.24     16.24     15.55     15.55     19.56     19.56     14.30     14.30
     75.00      3.25     15.84     15.84     15.24     15.24     18.69     18.69     14.19     14.19
     76.00      2.70     15.43     15.43     15.00     15.00     17.67     17.67     14.03     14.03
     77.00      2.15     15.17     15.17     15.00     15.00     16.84     16.84     13.84     13.84
     78.00      1.65     14.90     14.90     15.00     15.00     15.97     15.97     13.62     13.62
     79.00      1.15     14.67     14.67     15.00     15.00     15.31     15.31     13.38     13.38
     80.00      0.65     16.71     16.71     17.50     17.50     18.73     18.73     13.12     13.12
     81.00      0.44     18.52     18.52     20.00     20.00     21.23     21.23     12.86     12.86
     82.00      1.35     18.56     18.56     20.00     20.00     21.56     21.56     12.70     12.70
     83.00      2.09     18.86     18.86     20.00     20.00     22.81     22.81     12.62     12.62
     84.00      2.92     19.00     19.00     20.00     20.00     23.39     23.39     12.60     12.60
     85.00      3.82     19.33     19.33     20.00     20.00     24.65     24.65     12.66     12.66
     86.00      4.36     19.55     19.55     20.00     20.00     25.45     25.45     12.75     12.75
     87.00      4.78     19.70     19.70     20.00     20.00     25.95     25.95     12.87     12.87
     88.00      4.99     19.75     19.75     20.00     20.00     26.00     26.00     12.99     12.99
     89.00      4.52     19.77     19.77     20.00     20.00     26.00     26.00     13.09     13.09
     90.00      3.78     19.79     19.79     20.00     20.00     26.00     26.00     13.15     13.15
     91.00      3.25     19.80     19.80     20.00     20.00     26.00     26.00     13.20     13.20
     92.00      2.75     19.81     19.81     20.00     20.00     26.00     26.00     13.23     13.23
     93.00      2.25     19.81     19.81     20.00     20.00     26.00     26.00     13.24     13.24
     94.00      1.75     19.81     19.81     20.00     20.00     26.00     26.00     13.23     13.23
     95.00      1.25     18.03     18.03     17.83     17.83     23.24     23.24     13.20     13.20
     96.00      0.70     16.60     16.60     16.14     16.14     20.96     20.96     13.14     13.14
     97.00      0.15     16.19     16.19     15.81     15.81     20.09     20.09     13.05     13.05
     98.00     -0.35     15.37     15.37     15.00     15.00     18.59     18.59     12.90     12.90
     99.00     -0.85     15.09     15.09     15.00     15.00     17.64     17.64     12.72     12.72
    100.00     -1.35     14.75     14.75     15.00     15.00     16.49     16.49     12.51     12.51
    101.00     -1.85     14.46     14.46     15.00     15.00     15.57     15.57     12.26     12.26
    102.00     -2.35     14.25     14.25     15.00     15.00     15.00     15.00     11.99     11.99
    103.00     -2.85     14.17     14.17     15.00     15.00     15.00     15.00     11.69     11.69
    104.00     -3.35     16.00     16.00     17.50     17.50     17.59     17.59     11.39     11.39
    105.00     -3.47     17.80     17.80     20.00     20.00     20.09     20.09     11.10     11.10
    106.00     -1.91     17.83     17.83     20.00     20.00     20.39     20.39     10.94     10.94
    107.00      0.19     18.05     18.05     20.00     20.00     21.27     21.27     10.94     10.94
    108.00      2.53     18.34     18.34     20.00     20.00     22.32     22.32     11.05     11.05
    109.00      4.46     18.89     18.89     20.33     20.33     23.63     23.63     11.27     11.27
    110.00      5.53     19.68     19.68     21.22     21.22     24.76     24.76     11.52     11.52
    111.00      5.89     19.73     19.73     20.88     20.88     25.38     25.38     11.79     11.79
    112.00      4.93     19.45     19.45     20.00     20.00     25.82     25.82     12.00     12.00
    113.00      3.42     19.53     19.53     20.00     20.00     26.00     26.00     12.13     12.13
    114.00      2.65     19.56     19.56     20.00     20.00     26.00     26.00     12.24     12.24
    115.00      2.35     19.58     19.58     20.00     20.00     26.00     26.00     12.33     12.33
    116.00      2.01     19.60     19.60     20.00     20.00     26.00     26.00     12.41     12.41
    117.00      1.65     19.62     19.62     20.00     20.00     26.00     26.00     12.47     12.47
    118.00      1.30     19.63     19.63     20.00     20.00     26.00     26.00     12.51     12.51
    119.00      0.96     17.81     17.81     17.80     17.80     23.11     23.11     12.53     12.53
    120.00      0.60     16.37     16.37     16.09     16.09     20.77     20.77     12.53     12.53
    121.00      0.21     16.00     16.00     15.79     15.79     19.94     19.94     12.48     12.48
    122.00     -0.24     15.21     15.21     15.00     15.00     18.43     18.43     12.39     12.39
    123.00     -0.75     14.94     14.94     15.00     15.00     17.49     17.49     12.26     12.26
    124.00     -1.25     14.61     14.61     15.00     15.00     16.34     16.34     12.08     12.08
    125.00     -1.70     14.34     14.34     15.00     15.00     15.50     15.50     11.88     11.88
    126.00     -2.15     14.16     14.16     15.00     15.00     15.00     15.00     11.64     11.64
    127.00     -2.65     14.10     14.10     15.00     15.00     15.00     15.00     11.39     11.39
    128.00     -3.15     15.92     15.92     17.50     17.50     17.57     17.57     11.12     11.12
    129.00     -3.36     17.73     17.73     20.00     20.00     20.07     20.07     10.85     10.85
    130.00     -2.52     17.79     17.79     20.00     20.00     20.47     20.47     10.67     10.67
    131.00     -0.98     17.98     17.98     20.00     20.00     21.28     21.28     10.63     10.63
    132.00      0.35     18.20     18.20     20.00     20.00     22.13     22.13     10.66     10.66
    133.00      0.44     18.44     18.44     20.00     20.00     23.05     23.05     10.70     10.70
    134.00      0.44     18.63     18.63     20.00     20.00     23.75     23.75     10.76     10.76
    135.00      0.72     18.76     18.76     20.00     20.00     24.20     24.20     10.85     10.85
    136.00      0.77     18.90     18.90     20.00     20.00     24.66     24.66     10.94     10.94
    137.00      0.10     19.01     19.01     20.00     20.00     25.05     25.05     11.00     11.00
    138.00     -0.30     19.14     19.14     20.00     20.00     25.51     25.51     11.05     11.05
    139.00     -0.50     19.25     19.25     20.00     20.00     25.92     25.92     11.10     11.10
    140.00     -0.70     19.28     19.28     20.00     20.00     25.98     25.98     11.15     11.15
    141.00     -0.90     19.30     19.30     20.00     20.00     26.00     26.00     11.19     11.19
    142.00     -1.05     19.31     19.31     20.00     20.00     26.00     26.00     11.23     11.23
    143.00     -1.20     17.23     17.23     17.50     17.50     22.65     22.65     11.26     11.26
    144.00     -1.40     15.58     15.58     15.48     15.48     20.08     20.08     11.27     11.27
    145.00     -1.57     15.38     15.38     15.48     15.48     19.29     19.29     11.25     11.25
    146.00     -1.59     14.72     14.72     15.00     15.00     17.69     17.69     11.20     11.20
    147.00     -1.65     14.48     14.48     15.00     15.00     16.79     16.79     11.12     11.12
    148.00     -1.75     14.16     14.16     15.00     15.00     15.64     15.64     11.02     11.02
    149.00     -1.81     14.02     14.02     15.00     15.00     15.18     15.18     10.89     10.89
    150.00     -1.85     13.94     13.94     15.00     15.00     15.00     15.00     10.75     10.75
    151.00     -1.90     13.90     13.90     15.00     15.00     15.00     15.00     10.60     10.60
    152.00     -1.94     15.74     15.74     17.50     17.50     17.51     17.51     10.44     10.44
    153.00     -1.91     17.58     17.58     20.00     20.00     20.01     20.01     10.30     10.30
    154.00     -0.53     17.72     17.72     20.00     20.00     20.60     20.60     10.26     10.26
    155.00      1.01     17.96     17.96     20.00     20.00     21.53     21.53     10.33     10.33
    156.00      1.10     18.17     18.17     20.00     20.00     22.30     22.30     10.39     10.39
    157.00      1.49     18.44     18.44     20.00     20.00     23.25     23.25     10.50     10.50
    158.00      2.23     18.69     18.69     20.00     20.00     24.10     24.10     10.67     10.67
    159.00      2.40     18.86     18.86     20.00     20.00     24.61     24.61     10.83     10.83
    160.00      2.40     19.03     19.03     20.00     20.00     25.11     25.11     11.00     11.00
    161.00      2.09     19.19     19.19     20.00     20.00     25.60     25.60     11.14     11.14
    162.00      1.55     19.28     19.28     20.00     20.00     25.87     25.87     11.26     11.26
    163.00      1.20     19.34     19.34     20.00     20.00     26.00     26.00     11.37     11.37
    164.00      0.85     19.37     19.37     20.00     20.00     26.00     26.00     11.47     11.47
    165.00      0.50     19.39     19.39     20.00     20.00     26.00     26.00     11.54     11.54
    166.00      0.15     19.40     19.40     20.00     20.00     26.00     26.00     11.60     11.60
    167.00     -0.20     17.39     17.39     17.52     17.52     22.85     22.85     11.65     11.65
    168.00     -0.54     15.84     15.84     15.66     15.66     20.38     20.38     11.67     11.67
    169.00     -0.90     15.62     15.62     15.64     15.64     19.56     19.56     11.64     11.64
    170.00     -1.30     14.89     14.89     15.00     15.00     17.99     17.99     11.57     11.57
    171.00     -1.70     14.63     14.63     15.00     15.00     17.05     17.05     11.46     11.46
    172.00     -2.10     14.30     14.30     15.00     15.00     15.87     15.87     11.31     11.31
    173.00     -2.50     14.10     14.10     15.00     15.00     15.27     15.27     11.13     11.13
    174.00     -2.90     13.98     13.98     15.00     15.00     15.00     15.00     10.93     10.93
    175.00     -3.30     13.92     13.92     15.00     15.00     15.00     15.00     10.70     10.70
    176.00     -3.70     15.74     15.74     17.50     17.50     17.50     17.50     10.46     10.46
    177.00     -3.92     17.56     17.56     20.00     20.00     20.00     20.00     10.22     10.22
    178.00     -2.54     17.57     17.57     20.00     20.00     20.15     20.15     10.11     10.11
    179.00     -0.64     17.76     17.76     20.00     20.00     20.90     20.90     10.14     10.14
    180.00      0.27     18.00     18.00     20.00     20.00     21.80     21.80     10.20     10.20
    181.00      0.51     18.26     18.26     20.00     20.00     22.75     22.75     10.29     10.29
    182.00      0.07     18.47     18.47     20.00     20.00     23.51     23.51     10.36     10.36
    183.00     -0.54     18.53     18.53     20.00     20.00     23.72     23.72     10.41     10.41
    184.00     -0.95     18.62     18.62     20.00     20.00     24.05     24.05     10.45     10.45
    185.00     -1.45     18.71     18.71     20.00     20.00     24.36     24.36     10.48     10.48
    186.00     -1.89     18.83     18.83     20.00     20.00     24.83     24.83     10.50     10.50
    187.00     -2.10     18.93     18.93     20.00     20.00     25.21     25.21     10.52     10.52
    188.00     -2.30     18.99     18.99     20.00     20.00     25.42     25.42     10.54     10.54
    189.00     -2.55     19.05     19.05     20.00     20.00     25.66     25.66     10.55     10.55
    190.00     -2.80     19.09     19.09     20.00     20.00     25.81     25.81     10.56     10.56
    191.00     -2.99     16.94     16.94     17.50     17.50     22.19     22.19     10.56     10.56
    192.00     -3.24     15.10     15.10     15.21     15.21     19.43     19.43     10.54     10.54
    193.00     -3.55     14.90     14.90     15.21     15.21     18.68     18.68     10.49     10.49
    194.00     -3.85     14.34     14.34     15.00     15.00     16.97     16.97     10.40     10.40
    195.00     -4.19     14.08     14.08     15.00     15.00     16.04     16.04     10.27     10.27
    196.00     -4.55     13.79     13.79     15.00     15.00     15.05     15.05     10.11     10.11
    197.00     -4.90     13.73     13.73     15.00     15.00     15.00     15.00      9.91      9.91
    198.00     -5.25     13.67     13.67     15.00     15.00     15.00     15.00      9.70      9.70
    199.00     -5.60     13.62     13.62     15.00     15.00     15.00     15.00      9.46      9.46
    200.00     -5.97     15.43     15.43     17.50     17.50     17.50     17.50      9.22      9.22
    201.00     -6.06     17.25     17.25     20.00     20.00     20.00     20.00      9.00      9.00
    202.00     -5.10     17.22     17.22     20.00     20.00     20.00     20.00      8.86      8.86
    203.00     -4.00     17.25     17.25     20.00     20.00     20.18     20.18      8.82      8.82
    204.00     -2.73     17.42     17.42     20.00     20.00     20.83     20.83      8.87      8.87
    205.00     -2.15     17.68     17.68     20.00     20.00     21.79     21.79      8.95      8.95
    206.00     -2.05     17.88     17.88     20.00     20.00     22.48     22.48      9.03      9.03
    207.00     -2.11     17.97     17.97     20.00     20.00     22.74     22.74      9.12      9.12
    208.00     -2.34     18.07     18.07     20.00     20.00     23.06     23.06      9.21      9.21
    209.00     -2.71     18.17     18.17     20.00     20.00     23.41     23.41      9.28      9.28
    210.00     -3.10     18.30     18.30     20.00     20.00     23.88     23.88      9.34      9.34
    211.00     -3.30     18.42     18.42     20.00     20.00     24.28     24.28      9.39      9.39
    212.00     -3.50     18.48     18.48     20.00     20.00     24.49     24.49      9.44      9.44
    213.00     -3.70     18.56     18.56     20.00     20.00     24.75     24.75      9.49      9.49
    214.00     -3.90     18.61     18.61     20.00     20.00     24.91     24.91      9.53      9.53
    215.00     -4.06     16.47     16.47     17.50     17.50     21.32     21.32      9.56      9.56
    216.00     -4.21     14.54     14.54     15.01     15.01     18.57     18.57      9.58      9.58
    217.00     -4.35     14.36     14.36     15.01     15.01     17.85     17.85      9.57      9.57
    218.00     -4.45     13.92     13.92     15.00     15.00     16.17     16.17      9.52      9.52
    219.00     -4.55     13.76     13.76     15.00     15.00     15.60     15.60      9.44      9.44
    220.00     -4.65     13.58     13.58     15.00     15.00     15.00     15.00      9.33      9.33
    221.00     -4.75     13.55     13.55     15.00     15.00     15.00     15.00      9.20      9.20
    222.00     -4.85     13.51     13.51     15.00     15.00     15.00     15.00      9.06      9.06
    223.00     -4.95     13.48     13.48     15.00     15.00     15.00     15.00      8.90      8.90
    224.00     -5.05     15.31     15.31     17.50     17.50     17.50     17.50      8.75      8.75
    225.00     -4.88     17.15     17.15     20.00     20.00     20.00     20.00      8.61      8.61
    226.00     -4.24     17.13     17.13     20.00     20.00     20.00     20.00      8.54      8.54
    227.00     -3.90     17.17     17.17     20.00     20.00     20.15     20.15      8.51      8.51
    228.00     -3.25     17.32     17.32     20.00     20.00     20.73     20.73      8.54      8.54
    229.00     -2.35     17.58     17.58     20.00     20.00     21.69     21.69      8.65      8.65
    230.00     -1.49     17.82     17.82     20.00     20.00     22.48     22.48      8.80      8.80
    231.00     -0.73     17.97     17.97     20.00     20.00     22.88     22.88      8.98      8.98
    232.00     -0.19     18.14     18.14     20.00     20.00     23.38     23.38      9.18      9.18
    233.00     -0.61     18.29     18.29     20.00     20.00     23.83     23.83      9.35      9.35
    234.00     -1.10     18.46     18.46     20.00     20.00     24.37     24.37      9.49      9.49
    235.00     -1.30     18.62     18.62     20.00     20.00     24.85     24.85      9.62      9.62
    236.00     -1.50     18.72     18.72     20.00     20.00     25.12     25.12      9.75      9.75
    237.00     -1.70     18.83     18.83     20.00     20.00     25.44     25.44      9.86      9.86
    238.00     -1.90     18.91     18.91     20.00     20.00     25.66     25.66      9.96      9.96
    239.00     -2.14     16.77     16.77     17.50     17.50     22.03     22.03     10.05     10.05
    240.00     -2.40     15.00     15.00     15.30     15.30     19.28     19.28     10.11     10.11
    241.00     -2.66     14.83     14.83     15.30     15.30     18.59     18.59     10.14     10.14
    242.00     -2.90     14.26     14.26     15.00     15.00     16.91     16.91     10.12     10.12
    243.00     -3.10     14.02     14.02     15.00     15.00     16.03     16.03     10.06     10.06
    244.00     -3.35     13.75     13.75     15.00     15.00     15.05     15.05      9.96      9.96
    245.00     -3.60     13.71     13.71     15.00     15.00     15.00     15.00      9.83      9.83
    246.00     -3.80     13.67     13.67     15.00     15.00     15.00     15.00      9.69      9.69
    247.00     -4.00     13.63     13.63     15.00     15.00     15.00     15.00      9.53      9.53
    248.00     -4.25     15.46     15.46     17.50     17.50     17.50     17.50      9.36      9.36
    249.00     -4.23     17.30     17.30     20.00     20.00     20.00     20.00      9.20      9.20
    250.00     -2.70     17.29     17.29     20.00     20.00     20.00     20.00      9.16      9.16
    251.00     -1.00     17.47     17.47     20.00     20.00     20.61     20.61      9.25      9.25
    252.00      0.74     17.75     17.75     20.00     20.00     21.59     21.59      9.42      9.42
    253.00      2.11     18.10     18.10     20.00     20.00     22.73     22.73      9.66      9.66
    254.00      3.02     18.45     18.45     20.05     20.05     23.76     23.76      9.93      9.93
    255.00      2.74     18.61     18.61     20.05     20.05     24.19     24.19     10.18     10.18
    256.00      1.50     18.73     18.73     20.00     20.00     24.57     24.57     10.34     10.34
    257.00      0.37     18.84     18.84     20.00     20.00     24.91     24.91     10.47     10.47
    258.00     -0.21     18.99     18.99     20.00     20.00     25.41     25.41     10.57     10.57
    259.00     -0.66     19.12     19.12     20.00     20.00     25.80     25.80     10.66     10.66
    260.00     -1.10     19.16     19.16     20.00     20.00     25.90     25.90     10.72     10.72
    261.00     -1.50     19.19     19.19     20.00     20.00     26.00     26.00     10.77     10.77
    262.00     -1.90     19.20     19.20     20.00     20.00     26.00     26.00     10.80     10.80
    263.00     -2.34     17.09     17.09     17.50     17.50     22.52     22.52     10.82     10.82
    264.00     -2.71     15.34     15.34     15.36     15.36     19.85     19.85     10.81     10.81
    265.00     -3.60     15.12     15.12     15.36     15.36     19.01     19.01     10.74     10.74
    266.00     -4.79     14.46     14.46     15.00     15.00     17.27     17.27     10.59     10.59
    267.00     -6.04     14.14     14.14     15.00     15.00     16.20     16.20     10.36     10.36
    268.00     -7.35     13.80     13.80     15.00     15.00     15.12     15.12     10.06     10.06
    269.00     -8.65     13.68     13.68     15.00     15.00     15.00     15.00      9.71      9.71
    270.00     -9.90     13.58     13.58     15.00     15.00     15.00     15.00      9.31      9.31
    271.00    -11.15     13.47     13.47     15.00     15.00     15.00     15.00      8.87      8.87
    272.00    -12.45     15.22     15.22     17.50     17.50     17.50     17.50      8.39      8.39
    273.00    -13.18     16.98     16.98     20.00     20.00     20.00     20.00      7.92      7.92
    274.00    -11.79     16.90     16.90     20.00     20.00     20.00     20.00      7.60      7.60
    275.00    -10.45     16.85     16.85     20.00     20.00     20.00     20.00      7.41      7.41
    276.00     -9.03     16.83     16.83     20.00     20.00     20.00     20.00      7.30      7.30
    277.00     -8.09     16.90     16.90     20.00     20.00     20.33     20.33      7.28      7.28
    278.00     -7.88     17.01     17.01     20.00     20.00     20.79     20.79      7.26      7.26
    279.00     -8.16     17.02     17.02     20.00     20.00     20.81     20.81      7.25      7.25
    280.00     -8.84     17.02     17.02     20.00     20.00     20.87     20.87      7.20      7.20
    281.00     -9.82     17.02     17.02     20.00     20.00     20.94     20.94      7.12      7.12
    282.00    -10.40     17.06     17.06     20.00     20.00     21.19     21.19      7.03      7.03
    283.00    -10.60     17.09     17.09     20.00     20.00     21.41     21.41      6.95      6.95
    284.00    -10.80     17.07     17.07     20.00     20.00     21.43     21.43      6.87      6.87
    285.00    -11.00     17.08     17.08     20.00     20.00     21.53     21.53      6.79      6.79
    286.00    -11.20     17.07     17.07     20.00     20.00     21.55     21.55      6.71      6.71
    287.00    -11.40     14.99     14.99     17.50     17.50     18.30     18.30      6.64      6.64
    288.00    -11.60     13.01     13.01     15.00     15.00     15.48     15.48      6.55      6.55
    289.00    -11.71     12.98     12.98     15.00     15.00     15.48     15.48      6.44      6.44
    290.00    -11.45     12.83     12.83     15.00     15.00     15.00     15.00      6.32      6.32
    291.00    -11.15     12.80     12.80     15.00     15.00     15.00     15.00      6.20      6.20
    292.00    -10.90     12.77     12.77     15.00     15.00     15.00     15.00      6.06      6.06
    293.00    -10.65     12.73     12.73     15.00     15.00     15.00     15.00      5.93      5.93
    294.00    -10.35     12.70     12.70     15.00     15.00     15.00     15.00      5.81      5.81
    295.00    -10.09     12.68     12.68     15.00     15.00     15.00     15.00      5.70      5.70
    296.00     -9.87     14.53     14.53     17.50     17.50     17.50     17.50      5.60      5.60
    297.00     -9.36     16.38     16.38     20.00     20.00     20.00     20.00      5.54      5.54
    298.00     -8.02     16.39     16.39     20.00     20.00     20.00     20.00      5.58      5.58
    299.00     -5.62     16.44     16.44     20.00     20.00     20.00     20.00      5.77      5.77
    300.00     -3.39     16.59     16.59     20.00     20.00     20.31     20.31      6.07      6.07
    301.00     -1.88     16.91     16.91     20.00     20.00     21.22     21.22      6.42      6.42
    302.00     -1.10     17.21     17.21     20.00     20.00     22.06     22.06      6.79      6.79
    303.00     -2.17     17.35     17.35     20.00     20.00     22.33     22.33      7.07      7.07
    304.00     -3.25     17.47     17.47     20.00     20.00     22.59     22.59      7.29      7.29
    305.00     -4.20     17.58     17.58     20.00     20.00     22.85     22.85      7.47      7.47
    306.00     -4.60     17.71     17.71     20.00     20.00     23.23     23.23      7.62      7.62
    307.00     -4.60     17.84     17.84     20.00     20.00     23.58     23.58      7.78      7.78
    308.00     -4.65     17.93     17.93     20.00     20.00     23.79     23.79      7.92      7.92
    309.00     -4.70     18.02     18.02     20.00     20.00     24.04     24.04      8.05      8.05
    310.00     -4.70     18.10     18.10     20.00     20.00     24.22     24.22      8.17      8.17
    311.00     -4.70     15.98     15.98     17.50     17.50     20.64     20.64      8.29      8.29
    312.00     -4.70     14.08     14.08     15.00     15.00     17.91     17.91      8.39      8.39
    313.00     -4.85     13.91     13.91     15.00     15.00     17.20     17.20      8.45      8.45
    314.00     -5.30     13.49     13.49     15.00     15.00     15.52     15.52      8.45      8.45
    315.00     -5.66     13.42     13.42     15.00     15.00     15.27     15.27      8.41      8.41
    316.00     -6.00     13.33     13.33     15.00     15.00     15.00     15.00      8.32      8.32
    317.00     -6.35     13.30     13.30     15.00     15.00     15.00     15.00      8.20      8.20
    318.00     -6.70     13.26     13.26     15.00     15.00     15.00     15.00      8.06      8.06
    319.00     -7.05     13.22     13.22     15.00     15.00     15.00     15.00      7.89      7.89
    320.00     -7.40     15.05     15.05     17.50     17.50     17.50     17.50      7.71      7.71
    321.00     -7.64     16.89     16.89     20.00     20.00     20.00     20.00      7.54      7.54
    322.00     -7.21     16.86     16.86     20.00     20.00     20.00     20.00      7.43      7.43
    323.00     -5.96     16.86     16.86     20.00     20.00     20.00     20.00      7.43      7.43
    324.00     -4.57     16.99     16.99     20.00     20.00     20.43     20.43      7.52      7.52
    325.00     -3.55     17.23     17.23     20.00     20.00     21.28     21.28      7.66      7.66
    326.00     -3.55     17.42     17.42     20.00     20.00     21.88     21.88      7.79      7.79
    327.00     -4.11     17.49     17.49     20.00     20.00     22.09     22.09      7.89      7.89
    328.00     -4.51     17.58     17.58     20.00     20.00     22.34     22.34      7.98      7.98
    329.00     -4.86     17.67     17.67     20.00     20.00     22.63     22.63      8.07      8.07
    330.00     -5.20     17.79     17.79     20.00     20.00     23.01     23.01      8.13      8.13
    331.00     -5.46     17.88     17.88     20.00     20.00     23.33     23.33      8.19      8.19
    332.00     -5.70     17.93     17.93     20.00     20.00     23.49     23.49      8.24      8.24
    333.00     -5.90     17.99     17.99     20.00     20.00     23.69     23.69      8.28      8.28
    334.00     -6.14     18.03     18.03     20.00     20.00     23.82     23.82      8.32      8.32
    335.00     -6.39     15.90     15.90     17.50     17.50     20.24     20.24      8.35      8.35
    336.00     -6.65     13.96     13.96     15.00     15.00     17.49     17.49      8.35      8.35
    337.00     -6.95     13.76     13.76     15.00     15.00     16.71     16.71      8.32      8.32
    338.00     -7.29     13.31     13.31     15.00     15.00     15.01     15.01      8.24      8.24
    339.00     -7.64     13.28     13.28     15.00     15.00     15.00     15.00      8.12      8.12
    340.00     -8.00     13.24     13.24     15.00     15.00     15.00     15.00      7.96      7.96
    341.00     -8.40     13.19     13.19     15.00     15.00     15.00     15.00      7.78      7.78
    342.00     -8.75     13.14     13.14     15.00     15.00     15.00     15.00      7.58      7.58
    343.00     -9.10     13.09     13.09     15.00     15.00     15.00     15.00      7.36      7.36
    344.00     -9.54     14.91     14.91     17.50     17.50     17.50     17.50      7.13      7.13
    345.00     -9.64     16.73     16.73     20.00     20.00     20.00     20.00      6.92      6.92
    346.00     -9.40     16.69     16.69     20.00     20.00     20.00     20.00      6.77      6.77
    347.00     -8.94     16.67     16.67     20.00     20.00     20.00     20.00      6.67      6.67
    348.00     -7.95     16.67     16.67     20.00     20.00     20.00     20.00      6.66      6.66
    349.00     -7.26     16.78     16.78     20.00     20.00     20.40     20.40      6.71      6.71
    350.00     -7.13     16.91     16.91     20.00     20.00     20.88     20.88      6.75      6.75
    351.00     -7.12     16.93     16.93     20.00     20.00     20.93     20.93      6.81      6.81
    352.00     -7.34     16.99     16.99     20.00     20.00     21.08     21.08      6.86      6.86
    353.00     -7.72     17.04     17.04     20.00     20.00     21.27     21.27      6.90      6.90
    354.00     -7.93     17.15     17.15     20.00     20.00     21.66     21.66      6.94      6.94
    355.00     -7.84     17.25     17.25     20.00     20.00     22.00     22.00      6.98      6.98
    356.00     -7.80     17.30     17.30     20.00     20.00     22.16     22.16      7.03      7.03
    357.00     -7.80     17.37     17.37     20.00     20.00     22.39     22.39      7.08      7.08
    358.00     -7.75     17.42     17.42     20.00     20.00     22.55     22.55      7.13      7.13
    359.00     -7.70     15.30     15.30     17.50     17.50     19.02     19.02      7.19      7.19
    360.00     -7.70     13.39     13.39     15.00     15.00     16.32     16.32      7.23      7.23
    361.00     -7.67     13.35     13.35     15.00     15.00     16.13     16.13      7.25      7.25
    362.00     -7.49     13.06     13.06     15.00     15.00     15.00     15.00      7.24      7.24
    363.00     -7.35     13.05     13.05     15.00     15.00     15.00     15.00      7.21      7.21
    364.00     -7.25     13.04     13.04     15.00     15.00     15.00     15.00      7.16      7.16
    365.00     -7.11     13.02     13.02     15.00     15.00     15.00     15.00      7.09      7.09
    366.00     -6.95     13.01     13.01     15.00     15.00     15.00     15.00      7.02      7.02
    367.00     -6.80     12.99     12.99     15.00     15.00     15.00     15.00      6.95      6.95
    368.00     -6.65     14.85     14.85     17.50     17.50     17.50     17.50      6.89      6.89
    369.00     -6.41     16.71     16.71     20.00     20.00     20.00     20.00      6.84      6.84
    370.00     -5.70     16.71     16.71     20.00     20.00     20.00     20.00      6.85      6.85
    371.00     -4.56     16.74     16.74     20.00     20.00     20.00     20.00      6.95      6.95
    372.00     -3.35     16.89     16.89     20.00     20.00     20.41     20.41      7.14      7.14
    373.00     -2.67     17.17     17.17     20.00     20.00     21.33     21.33      7.34      7.34
    374.00     -2.95     17.37     17.37     20.00     20.00     21.97     21.97      7.51      7.51
    375.00     -3.22     17.45     17.45     20.00     20.00     22.14     22.14      7.68      7.68
    376.00     -3.59     17.56     17.56     20.00     20.00     22.41     22.41      7.83      7.83
    377.00     -4.19     17.66     17.66     20.00     20.00     22.68     22.68      7.94      7.94
    378.00     -4.38     17.80     17.80     20.00     20.00     23.14     23.14      8.05      8.05
    379.00     -4.30     17.93     17.93     20.00     20.00     23.55     23.55      8.17      8.17
    380.00     -4.30     18.02     18.02     20.00     20.00     23.78     23.78      8.28      8.28
    381.00     -4.25     18.12     18.12     20.00     20.00     24.07     24.07      8.40      8.40
    382.00     -4.20     18.20     18.20     20.00     20.00     24.29     24.29      8.51      8.51
    383.00     -4.20     16.08     16.08     17.50     17.50     20.71     20.71      8.62      8.62
    384.00     -4.14     14.18     14.18     15.00     15.00     17.99     17.99      8.71      8.71
    385.00     -4.19     14.02     14.02     15.00     15.00     17.32     17.32      8.77      8.77
    386.00     -4.35     13.62     13.62     15.00     15.00     15.67     15.67      8.79      8.79
    387.00     -4.45     13.53     13.53     15.00     15.00     15.36     15.36      8.77      8.77
    388.00     -4.59     13.43     13.43     15.00     15.00     15.00     15.00      8.71      8.71
    389.00     -4.75     13.41     13.41     15.00     15.00     15.00     15.00      8.63      8.63
    390.00     -4.90     13.38     13.38     15.00     15.00     15.00     15.00      8.53      8.53
    391.00     -5.06     13.35     13.35     15.00     15.00     15.00     15.00      8.41      8.41
    392.00     -5.20     15.20     15.20     17.50     17.50     17.50     17.50      8.29      8.29
    393.00     -5.07     17.05     17.05     20.00     20.00     20.00     20.00      8.18      8.18
    394.00     -3.42     17.05     17.05     20.00     20.00     20.00     20.00      8.20      8.20
    395.00     -1.55     17.18     17.18     20.00     20.00     20.39     20.39      8.33      8.33
    396.00     -1.06     17.40     17.40     20.00     20.00     21.11     21.11      8.47      8.47
    397.00     -1.08     17.66     17.66     20.00     20.00     22.02     22.02      8.62      8.62
    398.00     -0.65     17.91     17.91     20.00     20.00     22.81     22.81      8.82      8.82
    399.00     -0.19     18.05     18.05     20.00     20.00     23.18     23.18      9.03      9.03
    400.00      0.08     18.22     18.22     20.00     20.00     23.65     23.65      9.23      9.23
    401.00     -0.36     18.37     18.37     20.00     20.00     24.09     24.09      9.41      9.41
    402.00     -0.82     18.55     18.55     20.00     20.00     24.62     24.62      9.56      9.56
    403.00     -0.95     18.70     18.70     20.00     20.00     25.09     25.09      9.71      9.71
    404.00     -1.05     18.81     18.81     20.00     20.00     25.38     25.38      9.85      9.85
    405.00     -1.20     18.92     18.92     20.00     20.00     25.70     25.70      9.98      9.98
    406.00     -1.35     19.00     19.00     20.00     20.00     25.89     25.89     10.10     10.10
    407.00     -1.45     16.87     16.87     17.50     17.50     22.28     22.28     10.21     10.21
    408.00     -1.60     15.16     15.16     15.39     15.39     19.56     19.56     10.29     10.29
    409.00     -1.70     15.00     15.00     15.39     15.39     18.87     18.87     10.35     10.35
    410.00     -1.76     14.40     14.40     15.00     15.00     17.23     17.23     10.36     10.36
    411.00     -1.80     14.18     14.18     15.00     15.00     16.38     16.38     10.34     10.34
    412.00     -1.80     13.88     13.88     15.00     15.00     15.24     15.24     10.29     10.29
    413.00     -1.80     13.81     13.81     15.00     15.00     15.00     15.00     10.22     10.22
    414.00     -1.85     13.78     13.78     15.00     15.00     15.00     15.00     10.13     10.13
    415.00     -1.90     13.76     13.76     15.00     15.00     15.00     15.00     10.03     10.03
    416.00     -1.90     15.61     15.61     17.50     17.50     17.50     17.50      9.92      9.92
    417.00     -1.81     17.46     17.46     20.00     20.00     20.00     20.00      9.82      9.82
    418.00     -0.66     17.53     17.53     20.00     20.00     20.32     20.32      9.82      9.82
    419.00      1.10     17.78     17.78     20.00     20.00     21.19     21.19      9.93      9.93
    420.00      2.84     18.09     18.09     20.00     20.00     22.23     22.23     10.14     10.14
    421.00      3.18     18.42     18.42     20.00     20.00     23.33     23.33     10.34     10.34
    422.00      2.84     18.68     18.68     20.00     20.00     24.18     24.18     10.53     10.53
    423.00      2.64     18.82     18.82     20.00     20.00     24.56     24.56     10.71     10.71
    424.00      2.31     18.97     18.97     20.00     20.00     25.02     25.02     10.88     10.88
    425.00      1.98     19.13     19.13     20.00     20.00     25.48     25.48     11.03     11.03
    426.00      1.63     19.24     19.24     20.00     20.00     25.81     25.81     11.16     11.16
    427.00      1.60     19.32     19.32     20.00     20.00     26.00     26.00     11.30     11.30
    428.00      1.55     19.36     19.36     20.00     20.00     26.00     26.00     11.43     11.43
    429.00      1.50     19.39     19.39     20.00     20.00     26.00     26.00     11.55     11.55
    430.00      1.45     19.42     19.42     20.00     20.00     26.00     26.00     11.67     11.67
    431.00      1.41     17.52     17.52     17.66     17.66     22.96     22.96     11.78     11.78
    432.00      1.35     16.08     16.08     15.93     15.93     20.59     20.59     11.87     11.87
    433.00      1.25     15.82     15.82     15.77     15.77     19.84     19.84     11.93     11.93
    434.00      1.15     15.07     15.07     15.00     15.00     18.36     18.36     11.94     11.94
    435.00      1.05     14.86     14.86     15.00     15.00     17.50     17.50     11.92     11.92
    436.00      0.95     14.58     14.58     15.00     15.00     16.43     16.43     11.87     11.87
    437.00      0.85     14.35     14.35     15.00     15.00     15.62     15.62     11.79     11.79
    438.00      0.75     14.19     14.19     15.00     15.00     15.05     15.05     11.70     11.70
    439.00      0.65     14.15     14.15     15.00     15.00     15.00     15.00     11.58     11.58
    440.00      0.55     16.14     16.14     17.50     17.50     18.11     18.11     11.45     11.45
    441.00      0.54     17.99     17.99     20.00     20.00     20.61     20.61     11.34     11.34
    442.00      1.54     18.09     18.09     20.00     20.00     21.06     21.06     11.29     11.29
    443.00      2.79     18.39     18.39     20.00     20.00     22.22     22.22     11.35     11.35
    444.00      4.38     18.65     18.65     20.00     20.00     23.09     23.09     11.50     11.50
    445.00      6.41     19.07     19.07     20.00     20.00     24.51     24.51     11.77     11.77
    446.00      7.38     19.48     19.48     20.15     20.15     25.58     25.58     12.06     12.06
    447.00      7.09     19.65     19.65     20.15     20.15     26.00     26.00     12.32     12.32
    448.00      6.45     19.64     19.64     20.00     20.00     26.00     26.00     12.54     12.54
    449.00      5.71     19.68     19.68     20.00     20.00     26.00     26.00     12.73     12.73
    450.00      5.20     19.72     19.72     20.00     20.00     26.00     26.00     12.88     12.88
    451.00      4.80     19.76     19.76     20.00     20.00     26.00     26.00     13.02     13.02
    452.00      4.44     19.78     19.78     20.00     20.00     26.00     26.00     13.14     13.14
    453.00      4.10     19.81     19.81     20.00     20.00     26.00     26.00     13.24     13.24
    454.00      3.76     19.83     19.83     20.00     20.00     26.00     26.00     13.31     13.31
    455.00      3.40     18.24     18.24     18.07     18.07     23.43     23.43     13.37     13.37
    456.00      3.00     16.95     16.95     16.56     16.56     21.29     21.29     13.40     13.40
    457.00      2.57     16.48     16.48     16.04     16.04     20.47     20.47     13.39     13.39
    458.00      2.01     15.62     15.62     15.06     15.06     19.06     19.06     13.32     13.32
    459.00      1.34     15.34     15.34     15.00     15.00     18.15     18.15     13.20     13.20
    460.00      0.70     15.02     15.02     15.00     15.00     17.05     17.05     13.03     13.03
    461.00      0.10     14.75     14.75     15.00     15.00     16.17     16.17     12.83     12.83
    462.00     -0.50     14.48     14.48     15.00     15.00     15.31     15.31     12.59     12.59
    463.00     -1.10     14.33     14.33     15.00     15.00     15.00     15.00     12.33     12.33
    464.00     -1.70     16.28     16.28     17.50     17.50     18.06     18.06     12.05     12.05
    465.00     -1.67     18.08     18.08     20.00     20.00     20.56     20.56     11.78     11.78
    466.00      0.41     18.21     18.21     20.00     20.00     21.16     21.16     11.68     11.68
    467.00      2.30     18.51     18.51     20.00     20.00     22.35     22.35     11.71     11.71
    468.00      3.08     18.72     18.72     20.00     20.00     23.12     23.12     11.77     11.77
    469.00      4.18     19.05     19.05     20.00     20.00     24.31     24.31     11.90     11.90
    470.00      5.74     19.58     19.58     20.44     20.44     25.30     25.30     12.13     12.13
    471.00      6.13     19.79     19.79     20.44     20.44     25.93     25.93     12.36     12.36
    472.00      5.80     19.64     19.64     20.00     20.00     26.00     26.00     12.56     12.56
    473.00      4.86     19.68     19.68     20.00     20.00     26.00     26.00     12.71     12.71
    474.00      4.10     19.76     19.76     20.10     20.10     26.00     26.00     12.83     12.83
    475.00      3.70     19.78     19.78     20.10     20.10     26.00     26.00     12.93     12.93
    476.00      3.35     19.75     19.75     20.00     20.00     26.00     26.00     13.02     13.02
    477.00      3.00     19.77     19.77     20.00     20.00     26.00     26.00     13.08     13.08
    478.00      2.60     19.78     19.78     20.00     20.00     26.00     26.00     13.13     13.13
    479.00      2.24     18.11     18.11     17.98     17.98     23.31     23.31     13.15     13.15
    480.00      1.89     16.76     16.76     16.39     16.39     21.10     21.10     13.15     13.15
    481.00      1.55     16.30     16.30     15.91     15.91     20.27     20.27     13.12     13.12
    482.00      1.25     15.47     15.47     15.00     15.00     18.83     18.83     13.04     13.04
    483.00      0.95     15.21     15.21     15.00     15.00     17.93     17.93     12.93     12.93
    484.00      0.65     14.91     14.91     15.00     15.00     16.84     16.84     12.79     12.79
    485.00      0.40     14.65     14.65     15.00     15.00     15.99     15.99     12.61     12.61
    486.00      0.15     14.41     14.41     15.00     15.00     15.23     15.23     12.43     12.43
    487.00     -0.15     14.30     14.30     15.00     15.00     15.00     15.00     12.22     12.22
    488.00     -0.45     16.29     16.29     17.50     17.50     18.15     18.15     12.00     12.00
    489.00     -0.24     18.11     18.11     20.00     20.00     20.65     20.65     11.80     11.80
    490.00      1.82     18.28     18.28     20.00     20.00     21.34     21.34     11.76     11.76
    491.00      3.86     18.63     18.63     20.00     20.00     22.68     22.68     11.85     11.85
    492.00      5.72     18.91     18.91     20.00     20.00     23.61     23.61     12.03     12.03
    493.00      7.34     19.56     19.56     20.47     20.47     25.02     25.02     12.29     12.29
    494.00      8.29     20.20     20.20     21.23     21.23     25.75     25.75     12.59     12.59
    495.00      8.58     20.11     20.11     20.76     20.76     26.00     26.00     12.90     12.90
    496.00      8.23     20.03     20.03     20.48     20.48     26.00     26.00     13.17     13.17
    497.00      7.01     20.08     20.08     20.48     20.48     26.00     26.00     13.37     13.37
    498.00      6.30     20.25     20.25     20.73     20.73     26.00     26.00     13.54     13.54
    499.00      6.10     20.43     20.43     21.02     21.02     26.00     26.00     13.70     13.70
    500.00      5.90     20.38     20.38     20.85     20.85     26.00     26.00     13.84     13.84
    501.00      5.65     20.46     20.46     20.94     20.94     26.00     26.00     13.96     13.96
    502.00      5.40     20.44     20.44     20.86     20.86     26.00     26.00     14.06     14.06
    503.00      5.20     18.97     18.97     19.03     19.03     23.69     23.69     14.15     14.15
    504.00      5.00     17.76     17.76     17.54     17.54     21.73     21.73     14.21     14.21
    505.00      4.75     17.33     17.33     17.07     17.07     20.95     20.95     14.24     14.24
    506.00      4.55     16.53     16.53     16.11     16.11     19.66     19.66     14.22     14.22
    507.00      4.40     16.03     16.03     15.54     15.54     18.85     18.85     14.18     14.18
    508.00      4.20     15.50     15.50     15.01     15.01     17.88     17.88     14.10     14.10
    509.00      4.00     15.28     15.28     15.00     15.00     17.12     17.12     13.99     13.99
    510.00      3.80     15.05     15.05     15.00     15.00     16.33     16.33     13.86     13.86
    511.00      3.60     14.84     14.84     15.00     15.00     15.64     15.64     13.71     13.71
    512.00      3.40     16.97     16.97     17.50     17.50     19.34     19.34     13.55     13.55
    513.00      3.71     18.85     18.85     20.00     20.00     22.01     22.01     13.41     13.41
    514.00      4.86     18.95     18.95     20.00     20.00     22.46     22.46     13.35     13.35
    515.00      5.70     19.33     19.33     20.00     20.00     23.94     23.94     13.37     13.37
    516.00      6.56     19.51     19.51     20.00     20.00     24.60     24.60     13.45     13.45
    517.00      7.33     19.85     19.85     20.00     20.00     25.82     25.82     13.60     13.60
    518.00      7.85     19.94     19.94     20.00     20.00     26.00     26.00     13.76     13.76
    519.00      8.32     19.99     19.99     20.00     20.00     26.00     26.00     13.95     13.95
    520.00      8.50     20.03     20.03     20.00     20.00     26.00     26.00     14.14     14.14
    521.00      7.93     20.07     20.07     20.00     20.00     26.00     26.00     14.29     14.29
    522.00      7.40     20.20     20.20     20.20     20.20     26.00     26.00     14.41     14.41
    523.00      7.00     20.32     20.32     20.39     20.39     26.00     26.00     14.52     14.52
    524.00      6.60     20.38     20.38     20.46     20.46     26.00     26.00     14.60     14.60
    525.00      6.20     20.44     20.44     20.55     20.55     26.00     26.00     14.67     14.67
    526.00      5.85     20.47     20.47     20.58     20.58     26.00     26.00     14.72     14.72
    527.00      5.50     19.01     19.01     18.76     18.76     23.79     23.79     14.75     14.75
    528.00      5.11     17.81     17.81     17.32     17.32     21.86     21.86     14.76     14.76
    529.00      4.66     17.37     17.37     16.85     16.85     21.05     21.05     14.73     14.73
    530.00      4.15     16.55     16.55     15.90     15.90     19.75     19.75     14.65     14.65
    531.00      3.65     16.06     16.06     15.42     15.42     18.89     18.89     14.53     14.53
    532.00      3.20     15.56     15.56     15.00     15.00     17.89     17.89     14.37     14.37
    533.00      2.75     15.31     15.31     15.00     15.00     17.07     17.07     14.18     14.18
    534.00      2.25     15.05     15.05     15.00     15.00     16.22     16.22     13.96     13.96
    535.00      1.75     14.80     14.80     15.00     15.00     15.46     15.46     13.72     13.72
    536.00      1.22     16.85     16.85     17.50     17.50     18.96     18.96     13.45     13.45
    537.00      0.97     18.66     18.66     20.00     20.00     21.43     21.43     13.20     13.20
    538.00      1.00     18.66     18.66     20.00     20.00     21.66     21.66     12.98     12.98
    539.00      1.19     18.92     18.92     20.00     20.00     22.85     22.85     12.81     12.81
    540.00      1.35     18.98     18.98     20.00     20.00     23.24     23.24     12.69     12.69
    541.00      1.35     19.23     19.23     20.00     20.00     24.31     24.31     12.60     12.60
    542.00      1.45     19.36     19.36     20.00     20.00     24.90     24.90     12.54     12.54
    543.00      1.43     19.44     19.44     20.00     20.00     25.25     25.25     12.51     12.51
    544.00      1.25     19.51     19.51     20.00     20.00     25.56     25.56     12.48     12.48
    545.00      1.10     19.60     19.60     20.00     20.00     25.94     25.94     12.47     12.47
    546.00      1.00     19.61     19.61     20.00     20.00     26.00     26.00     12.46     12.46
    547.00      0.95     19.61     19.61     20.00     20.00     26.00     26.00     12.46     12.46
    548.00      0.85     19.62     19.62     20.00     20.00     26.00     26.00     12.46     12.46
    549.00      0.75     19.62     19.62     20.00     20.00     26.00     26.00     12.47     12.47
    550.00      0.65     19.62     19.62     20.00     20.00     26.00     26.00     12.47     12.47
    551.00      0.59     17.66     17.66     17.57     17.57     23.01     23.01     12.48     12.48
    552.00      0.60     16.18     16.18     15.79     15.79     20.65     20.65     12.48     12.48
    553.00      0.15     15.93     15.93     15.72     15.72     19.84     19.84     12.43     12.43
    554.00     -0.75     15.15     15.15     15.00     15.00     18.29     18.29     12.32     12.32
    555.00     -1.59     14.87     14.87     15.00     15.00     17.33     17.33     12.15     12.15
    556.00     -2.45     14.52     14.52     15.00     15.00     16.14     16.14     11.92     11.92
    557.00     -3.35     14.26     14.26     15.00     15.00     15.39     15.39     11.65     11.65
    558.00     -4.21     14.09     14.09     15.00     15.00     15.00     15.00     11.35     11.35
    559.00     -5.04     14.00     14.00     15.00     15.00     15.00     15.00     11.01     11.01
    560.00     -5.97     15.78     15.78     17.50     17.50     17.50     17.50     10.64     10.64
    561.00     -6.10     17.57     17.57     20.00     20.00     20.00     20.00     10.30     10.30
    562.00     -5.14     17.51     17.51     20.00     20.00     20.00     20.00     10.05     10.05
    563.00     -4.36     17.55     17.55     20.00     20.00     20.32     20.32      9.89      9.89
    564.00     -3.90     17.67     17.67     20.00     20.00     20.92     20.92      9.77      9.77
    565.00     -3.91     17.84     17.84     20.00     20.00     21.69     21.69      9.68      9.68
    566.00     -3.95     17.98     17.98     20.00     20.00     22.30     22.30      9.62      9.62
    567.00     -3.85     18.01     18.01     20.00     20.00     22.47     22.47      9.59      9.59
    568.00     -3.72     18.09     18.09     20.00     20.00     22.78     22.78      9.57      9.57
    569.00     -3.87     18.17     18.17     20.00     20.00     23.10     23.10      9.56      9.56
    570.00     -4.30     18.27     18.27     20.00     20.00     23.54     23.54      9.54      9.54
    571.00     -4.70     18.35     18.35     20.00     20.00     23.88     23.88      9.51      9.51
    572.00     -5.10     18.38     18.38     20.00     20.00     24.03     24.03      9.48      9.48
    573.00     -5.50     18.41     18.41     20.00     20.00     24.21     24.21      9.44      9.44
    574.00     -5.90     18.42     18.42     20.00     20.00     24.30     24.30      9.39      9.39
    575.00     -6.30     16.26     16.26     17.50     17.50     20.72     20.72      9.33      9.33
    576.00     -6.70     14.30     14.30     15.00     15.00     17.95     17.95      9.25      9.25
    577.00     -7.03     14.07     14.07     15.00     15.00     17.15     17.15      9.14      9.14
    578.00     -7.20     13.61     13.61     15.00     15.00     15.42     15.42      9.00      9.00
    579.00     -7.40     13.51     13.51     15.00     15.00     15.20     15.20      8.83      8.83
    580.00     -7.60     13.41     13.41     15.00     15.00     15.00     15.00      8.64      8.64
    581.00     -7.75     13.36     13.36     15.00     15.00     15.00     15.00      8.43      8.43
    582.00     -7.90     13.30     13.30     15.00     15.00     15.00     15.00      8.21      8.21
    583.00     -8.10     13.25     13.25     15.00     15.00     15.00     15.00      7.99      7.99
    584.00     -8.30     15.07     15.07     17.50     17.50     17.50     17.50      7.77      7.77
    585.00     -7.88     16.90     16.90     20.00     20.00     20.00     20.00      7.60      7.60
    586.00     -5.18     16.90     16.90     20.00     20.00     20.00     20.00      7.60      7.60
    587.00     -2.93     16.95     16.95     20.00     20.00     20.07     20.07      7.74      7.74
    588.00     -1.55     17.17     17.17     20.00     20.00     20.73     20.73      7.94      7.94
    589.00     -0.15     17.52     17.52     20.00     20.00     21.89     21.89      8.20      8.20
    590.00      1.09     17.83     17.83     20.00     20.00     22.82     22.82      8.52      8.52
    591.00      1.31     18.04     18.04     20.00     20.00     23.31     23.31      8.83      8.83
    592.00      0.97     18.22     18.22     20.00     20.00     23.78     23.78      9.10      9.10
    593.00     -0.34     18.36     18.36     20.00     20.00     24.16     24.16      9.29      9.29
    594.00     -1.11     18.52     18.52     20.00     20.00     24.63     24.63      9.45      9.45
    595.00     -1.16     18.68     18.68     20.00     20.00     25.10     25.10      9.60      9.60
    596.00     -1.20     18.78     18.78     20.00     20.00     25.38     25.38      9.75      9.75
    597.00     -1.20     18.90     18.90     20.00     20.00     25.71     25.71      9.89      9.89
    598.00     -1.24     18.98     18.98     20.00     20.00     25.90     25.90     10.03     10.03
    599.00     -1.30     16.86     16.86     17.50     17.50     22.29     22.29     10.15     10.15
    600.00     -1.35     15.18     15.18     15.43     15.43     19.59     19.59     10.26     10.26
    601.00     -1.42     15.03     15.03     15.43     15.43     18.91     18.91     10.33     10.33
    602.00     -1.35     14.41     14.41     15.00     15.00     17.29     17.29     10.36     10.36
    603.00     -1.25     14.21     14.21     15.00     15.00     16.45     16.45     10.37     10.37
    604.00     -1.15     13.92     13.92     15.00     15.00     15.32     15.32     10.35     10.35
    605.00     -1.10     13.84     13.84     15.00     15.00     15.04     15.04     10.31     10.31
    606.00     -1.05     13.81     13.81     15.00     15.00     15.00     15.00     10.25     10.25
    607.00     -0.95     13.79     13.79     15.00     15.00     15.00     15.00     10.18     10.18
    608.00     -0.85     15.66     15.66     17.50     17.50     17.56     17.56     10.10     10.10
    609.00     -0.08     17.53     17.53     20.00     20.00     20.06     20.06     10.08     10.08
    610.00      1.70     17.71     17.71     20.00     20.00     20.67     20.67     10.16     10.16
    611.00      3.50     18.03     18.03     20.00     20.00     21.77     21.77     10.35     10.35
    612.00      5.50     18.38     18.38     20.00     20.00     22.87     22.87     10.64     10.64
    613.00      7.47     18.99     18.99     20.32     20.32     24.31     24.31     11.02     11.02
    614.00      9.19     19.90     19.90     21.29     21.29     25.54     25.54     11.46     11.46
    615.00      9.84     19.96     19.96     20.97     20.97     26.00     26.00     11.91     11.91
    616.00      9.42     19.65     19.65     20.15     20.15     26.00     26.00     12.31     12.31
    617.00      8.25     19.73     19.73     20.15     20.15     26.00     26.00     12.63     12.63
    618.00      7.30     20.07     20.07     20.68     20.68     26.00     26.00     12.90     12.90
    619.00      6.70     20.27     20.27     20.98     20.98     26.00     26.00     13.13     13.13
    620.00      6.10     20.24     20.24     20.82     20.82     26.00     26.00     13.32     13.32
    621.00      5.50     20.31     20.31     20.88     20.88     26.00     26.00     13.47     13.47
    622.00      4.90     20.28     20.28     20.76     20.76     26.00     26.00     13.59     13.59
    623.00      4.30     18.76     18.76     18.88     18.88     23.60     23.60     13.67     13.67
    624.00      3.70     17.49     17.49     17.34     17.34     21.55     21.55     13.72     13.72
    625.00      2.99     16.99     16.99     16.78     16.78     20.70     20.70     13.70     13.70
    626.00      2.05     16.09     16.09     15.71     15.71     19.31     19.31     13.62     13.62
    627.00      1.15     15.61     15.61     15.29     15.29     18.37     18.37     13.48     13.48
    628.00      0.25     15.13     15.13     15.00     15.00     17.25     17.25     13.28     13.28
    629.00     -0.65     14.84     14.84     15.00     15.00     16.33     16.33     13.03     13.03
    630.00     -1.55     14.53     14.53     15.00     15.00     15.38     15.38     12.74     12.74
    631.00     -2.45     14.35     14.35     15.00     15.00     15.00     15.00     12.41     12.41
    632.00     -3.35     16.24     16.24     17.50     17.50     17.91     17.91     12.05     12.05
    633.00     -3.25     18.04     18.04     20.00     20.00     20.41     20.41     11.74     11.74
    634.00     -0.38     18.16     18.16     20.00     20.00     21.00     21.00     11.62     11.62
    635.00      2.20     18.46     18.46     20.00     20.00     22.20     22.20     11.66     11.66
    636.00      4.81     18.76     18.76     20.00     20.00     23.23     23.23     11.82     11.82
    637.00      7.26     19.81     19.81     21.21     21.21     24.70     24.70     12.11     12.11
    638.00      8.79     20.88     20.88     22.70     22.70     25.65     25.65     12.45     12.45
    639.00      9.57     21.01     21.01     22.61     22.61     26.00     26.00     12.82     12.82
    640.00      9.08     20.99     20.99     22.41     22.41     26.00     26.00     13.15     13.15
    641.00      7.31     20.87     20.87     22.04     22.04     26.00     26.00     13.38     13.38
    642.00      6.02     20.98     20.98     22.17     22.17     26.00     26.00     13.56     13.56
    643.00      5.41     21.07     21.07     22.28     22.28     26.00     26.00     13.71     13.71
    644.00      4.75     20.90     20.90     21.89     21.89     26.00     26.00     13.82     13.82
    645.00      4.05     20.86     20.86     21.78     21.78     26.00     26.00     13.89     13.89
    646.00      3.35     20.72     20.72     21.47     21.47     26.00     26.00     13.93     13.93
    647.00      2.65     19.12     19.12     19.50     19.50     23.55     23.55     13.93     13.93
    648.00      1.99     17.75     17.75     17.84     17.84     21.44     21.44     13.90     13.90
    649.00      1.35     17.17     17.17     17.15     17.15     20.56     20.56     13.81     13.81
    650.00      0.71     16.20     16.20     15.99     15.99     19.14     19.14     13.68     13.68
    651.00      0.05     15.62     15.62     15.41     15.41     18.19     18.19     13.49     13.49
    652.00     -0.65     15.08     15.08     15.00     15.00     17.06     17.06     13.26     13.26
    653.00     -1.30     14.78     14.78     15.00     15.00     16.14     16.14     12.99     12.99
    654.00     -1.95     14.50     14.50     15.00     15.00     15.29     15.29     12.69     12.69
    655.00     -2.65     14.34     14.34     15.00     15.00     15.00     15.00     12.36     12.36
    656.00     -3.37     16.21     16.21     17.50     17.50     17.84     17.84     12.01     12.01
    657.00     -3.30     18.01     18.01     20.00     20.00     20.34     20.34     11.69     11.69
    658.00     -2.51     18.04     18.04     20.00     20.00     20.72     20.72     11.45     11.45
    659.00     -1.81     18.20     18.20     20.00     20.00     21.51     21.51     11.28     11.28
    660.00     -0.66     18.36     18.36     20.00     20.00     22.20     22.20     11.22     11.22
    661.00      0.61     18.62     18.62     20.00     20.00     23.25     23.25     11.25     11.25
    662.00      1.68     18.85     18.85     20.00     20.00     24.08     24.08     11.34     11.34
    663.00      2.16     19.02     19.02     20.00     20.00     24.63     24.63     11.45     11.45
    664.00      2.16     19.17     19.17     20.00     20.00     25.14     25.14     11.55     11.55
    665.00      1.65     19.31     19.31     20.00     20.00     25.61     25.61     11.63     11.63
    666.00      1.10     19.39     19.39     20.00     20.00     25.87     25.87     11.69     11.69
    667.00      0.64     19.44     19.44     20.00     20.00     26.00     26.00     11.74     11.74
    668.00      0.20     19.44     19.44     20.00     20.00     26.00     26.00     11.78     11.78
    669.00     -0.20     19.45     19.45     20.00     20.00     26.00     26.00     11.80     11.80
    670.00     -0.64     19.45     19.45     20.00     20.00     26.00     26.00     11.80     11.80
    671.00     -1.10     17.40     17.40     17.50     17.50     22.80     22.80     11.79     11.79
    672.00     -1.55     15.78     15.78     15.55     15.55     20.28     20.28     11.75     11.75
    673.00     -1.95     15.55     15.55     15.55     15.55     19.44     19.44     11.68     11.68
    674.00     -2.31     14.85     14.85     15.00     15.00     17.82     17.82     11.56     11.56
    675.00     -2.65     14.57     14.57     15.00     15.00     16.86     16.86     11.41     11.41
    676.00     -2.95     14.22     14.22     15.00     15.00     15.67     15.67     11.22     11.22
    677.00     -3.30     14.05     14.05     15.00     15.00     15.17     15.17     11.01     11.01
    678.00     -3.65     13.95     13.95     15.00     15.00     15.00     15.00     10.78     10.78
    679.00     -3.95     13.88     13.88     15.00     15.00     15.00     15.00     10.54     10.54
    680.00     -4.34     15.70     15.70     17.50     17.50     17.50     17.50     10.28     10.28
    681.00     -3.90     17.52     17.52     20.00     20.00     20.00     20.00     10.08     10.08
    682.00     -1.79     17.55     17.55     20.00     20.00     20.18     20.18     10.02     10.02
    683.00      0.71     17.79     17.79     20.00     20.00     21.04     21.04     10.11     10.11
    684.00      3.15     18.13     18.13     20.00     20.00     22.20     22.20     10.33     10.33
    685.00      4.99     18.54     18.54     20.03     20.03     23.49     23.49     10.62     10.62
    686.00      6.40     19.28     19.28     20.72     20.72     24.71     24.71     10.97     10.97
    687.00      7.04     19.53     19.53     20.69     20.69     25.41     25.41     11.34     11.34
    688.00      6.97     19.46     19.46     20.15     20.15     25.86     25.86     11.67     11.67
    689.00      5.74     19.56     19.56     20.15     20.15     26.00     26.00     11.94     11.94
    690.00      4.75     19.76     19.76     20.45     20.45     26.00     26.00     12.14     12.14
    691.00      4.25     19.86     19.86     20.55     20.55     26.00     26.00     12.33     12.33
    692.00      3.80     19.78     19.78     20.31     20.31     26.00     26.00     12.49     12.49
    693.00      3.35     19.78     19.78     20.26     20.26     26.00     26.00     12.62     12.62
    694.00      2.85     19.72     19.72     20.08     20.08     26.00     26.00     12.72     12.72
    695.00      2.35     18.10     18.10     18.17     18.17     23.29     23.29     12.79     12.79
    696.00      1.85     16.77     16.77     16.60     16.60     21.06     21.06     12.82     12.82
    697.00      1.31     16.26     16.26     16.00     16.00     20.22     20.22     12.80     12.80
    698.00      0.76     15.39     15.39     15.03     15.03     18.75     18.75     12.74     12.74
    699.00      0.20     15.11     15.11     15.00     15.00     17.82     17.82     12.62     12.62
    700.00     -0.40     14.79     14.79     15.00     15.00     16.69     16.69     12.45     12.45
    701.00     -0.95     14.51     14.51     15.00     15.00     15.79     15.79     12.25     12.25
    702.00     -1.50     14.28     14.28     15.00     15.00     15.12     15.12     12.02     12.02
    703.00     -2.10     14.19     14.19     15.00     15.00     15.00     15.00     11.76     11.76
    704.00     -2.71     16.06     16.06     17.50     17.50     17.76     17.76     11.48     11.48
    705.00     -2.25     17.88     17.88     20.00     20.00     20.26     20.26     11.25     11.25
    706.00      0.32     17.99     17.99     20.00     20.00     20.76     20.76     11.20     11.20
    707.00      1.90     18.26     18.26     20.00     20.00     21.81     21.81     11.24     11.24
    708.00      2.92     18.50     18.50     20.00     20.00     22.68     22.68     11.33     11.33
    709.00      4.06     18.85     18.85     20.00     20.00     23.90     23.90     11.50     11.50
    710.00      5.28     19.27     19.27     20.20     20.20     24.95     24.95     11.73     11.73
    711.00      5.86     19.49     19.49     20.20     20.20     25.58     25.58     11.97     11.97
    712.00      5.78     19.53     19.53     20.00     20.00     25.90     25.90     12.20     12.20
    713.00      5.18     19.60     19.60     20.00     20.00     26.00     26.00     12.40     12.40
    714.00      4.28     19.64     19.64     20.01     20.01     26.00     26.00     12.54     12.54
    715.00      3.96     19.67     19.67     20.01     20.01     26.00     26.00     12.67     12.67
    716.00      3.60     19.70     19.70     20.00     20.00     26.00     26.00     12.79     12.79
    717.00      3.20     19.72     19.72     20.00     20.00     26.00     26.00     12.87     12.87
    718.00      2.80     19.74     19.74     20.00     20.00     26.00     26.00     12.94     12.94
    719.00      2.44     18.06     18.06     17.97     17.97     23.29     23.29     12.99     12.99
    720.00      2.10     16.71     16.71     16.38     16.38     21.07     21.07     13.01     13.01
    721.00      1.78     16.27     16.27     15.91     15.91     20.26     20.26     13.00     13.00
    722.00      1.65     15.44     15.44     15.00     15.00     18.83     18.83     12.95     12.95
    723.00      1.49     15.21     15.21     15.00     15.00     17.95     17.95     12.87     12.87
    724.00      1.35     14.91     14.91     15.00     15.00     16.89     16.89     12.76     12.76
    725.00      1.25     14.68     14.68     15.00     15.00     16.07     16.07     12.63     12.63
    726.00      1.15     14.44     14.44     15.00     15.00     15.28     15.28     12.48     12.48
    727.00      1.05     14.33     14.33     15.00     15.00     15.00     15.00     12.32     12.32
    728.00      0.95     16.38     16.38     17.50     17.50     18.36     18.36     12.16     12.16
    729.00      1.73     18.23     18.23     20.00     20.00     20.86     20.86     12.05     12.05
    730.00      3.69     18.39     18.39     20.00     20.00     21.51     21.51     12.07     12.07
    731.00      5.65     18.80     18.80     20.00     20.00     22.99     22.99     12.21     12.21
    732.00      7.85     19.11     19.11     20.00     20.00     23.99     23.99     12.46     12.46
    733.00      9.92     20.12     20.12     21.10     21.10     25.50     25.50     12.80     12.80
    734.00     11.64     21.02     21.02     22.44     22.44     26.00     26.00     13.21     13.21
    735.00     11.41     20.89     20.89     21.98     21.98     26.00     26.00     13.59     13.59
    736.00     10.91     20.85     20.85     21.73     21.73     26.00     26.00     13.93     13.93
    737.00     10.83     20.93     20.93     21.74     21.74     26.00     26.00     14.26     14.26
    738.00     10.45     21.33     21.33     22.39     22.39     26.00     26.00     14.55     14.55
    739.00     10.00     21.64     21.64     22.87     22.87     26.00     26.00     14.81     14.81
    740.00      9.60     21.60     21.60     22.68     22.68     26.00     26.00     15.03     15.03
    741.00      9.20     21.74     21.74     22.86     22.86     26.00     26.00     15.22     15.22
    742.00      8.80     21.74     21.74     22.78     22.78     26.00     26.00     15.39     15.39
    743.00      8.40     20.40     20.40     20.95     20.95     24.19     24.19     15.52     15.52
    744.00      8.03     19.26     19.26     19.45     19.45     22.53     22.53     15.62     15.62
