            TRNSYS - the TRaNsient SYstem Simulation program                                                                                                                                                                                                                                                                                                                                                                                                                                                                                                                                                                                                                                                                                                                                                                                                                                                                                                                                                                            
                                                                                                                                                                                                                                                                                                                                                                                                                                                                                                                                                                                                                                                                                                                                                                                                                                                                                                                                                                                                                                        
   The Solar Energy Lab at the University of Wisconsin - Madison, USA                                                                                                                                                                                                                                                                                                                                                                                                                                                                                                                                                                                                                                                                                                                                                                                                                                                                                                                                                                   
Le Centre Scientifique et Technique du Batiment, Sophia Antipolis, France                                                                                                                                                                                                                                                                                                                                                                                                                                                                                                                                                                                                                                                                                                                                                                                                                                                                                                                                                               
           Transsolar Energietechnik GmBH, Stuttgart, Germany                                                                                                                                                                                                                                                                                                                                                                                                                                                                                                                                                                                                                                                                                                                                                                                                                                                                                                                                                                           
        Thermal Energy System Specialists, Madison Wisconsin, USA                                                                                                                                                                                                                                                                                                                                                                                                                                                                                                                                                                                                                                                                                                                                                                                                                                                                                                                                                                       
                                                                                                                                                                                                                                                                                                                                                                                                                                                                                                                                                                                                                                                                                                                                                                                                                                                                                                                                                                                                                                        
                           Release 16.00.0035                                                                                                                                                                                                                                                                                                                                                                                                                                                                                                                                                                                                                                                                                                                                                                                                                                                                                                                                                                                           
                                                                                                                                                                                                                                                                                                                                                                                                                                                                                                                                                                                                                                                                                                                                                                                                                                                                                                                                                                                                                                        
Simulation log for: "C:\Program Files\Trnsys16\Examples\Restaurant\Restaurant.dck"                                                                                                                                                                                                                                                                                                                                                                                                                                                                                                                                                                                                                                                                                                                                                                                                                                                                                                                                                      
 
*** Notice at time        :         0.000000
    Generated by Unit     : Not applicable or not available
    Generated by Type     : Not applicable or not available
    Message               : The following Types were loaded from TRNDll.dll: Type69, Type33, Type56, Type65, Type28, Type109
 
*** Notice at time        :         0.000000
    Generated by Unit     : Not applicable or not available
    Generated by Type     : Not applicable or not available
    Message               : "Type155.dll" was found but not loaded since Type 155 is not used in the input file.
 
*** Notice at time        :         0.000000
    Generated by Unit     : Not applicable or not available
    Generated by Type     : Not applicable or not available
    Message               : "Type62.dll" was found but did not contain any components from the input file.
 
*** Notice at time        :         0.000000
    Generated by Unit     : Not applicable or not available
    Generated by Type     : Not applicable or not available
    TRNSYS Message    199 : TRNSYS found at least one user DLL in the UserLib directory. (Note: Only DLL's including Types that are used in the simulation are loaded)
    Reported information  : 0 user DLLs were loaded after searching in "C:\Program Files\Trnsys16\UserLib"
 
*** Notice at time        :         0.000000
    Generated by Unit     :     7
    Generated by Type     :    56
    Message               : TRNFLOW multi zone air flow model  integrated
 
*** Notice at time        :         0.000000
    Generated by Unit     :     7
    Generated by Type     :    56
    Message               : Active layers and internal window calculations integrated
 
*** Notice at time        :         0.000000
    Generated by Unit     :     7
    Generated by Type     :    56
    Message               : No internal humidity calculations are  performed and no condensation warnings are printed. if any  of the outputs ntype 9,10,11,26,29,40,41,47,48 or 49 is specified The humidity calculations, using an internal timestep, will be switched on and condensation checks are performed
 
*** Notice at time        :       744.000000
    Generated by Unit     :     7
    Generated by Type     :    56
    Message               : Geometrical distribution factors for direct solar (GEOSURF) in zone   1 equal zero occurred. Direct solar   radiaton is treated as diffuse radiation!
 
*** Notice at time        :       744.000000
    Generated by Unit     :     7
    Generated by Type     :    56
    Message               : Geometrical distribution factors for direct solar (GEOSURF) in zone   2 equal zero occurred. Direct solar   radiaton is treated as diffuse radiation!
 
*** Notice at time        :       744.000000
    Generated by Unit     :     7
    Generated by Type     :    56
    Message               : Geometrical distribution factors for direct solar (GEOSURF) in zone   3 equal zero occurred. Direct solar   radiaton is treated as diffuse radiation!
 
*** End of the simulation
    Total Notices         :        10
    Total Warnings        :         0
    Total Fatal Errors    :         0
 
    Total TRNSYS Calculation Time     :             6.0900 seconds
    Calculation time inside the Types :             2.8200 seconds
 
    TRNSYS Calculation Time Breakdown by Unit Number
    Unit    14 :           0.210000 seconds
    Unit     6 :           0.050000 seconds
    Unit     5 :           0.020000 seconds
    Unit     7 :           2.390000 seconds
    Unit    13 :           0.020000 seconds
    Unit    12 :           0.050000 seconds
    Unit    11 :           0.060000 seconds
    Unit    10 :           0.020000 seconds
 
    TRNSYS Calculation Time Breakdown by Type Number
    Type    28 :           0.130000 seconds
    Type    33 :           0.050000 seconds
    Type    56 :           2.390000 seconds
    Type    65 :           0.020000 seconds
    Type    69 :           0.020000 seconds
    Type   109 :           0.210000 seconds
 
    TRNSYS Iterative Call Breakdown by Unit Number
    Unit    14 :               1490 calls
    Unit     6 :               1491 calls
    Unit     5 :               1491 calls
    Unit     7 :               1491 calls
    Unit    13 :                747 calls
    Unit    12 :                747 calls
    Unit    11 :                747 calls
    Unit    10 :                747 calls
